This file contains any messages produced by compilers while
running configure, to aid debugging if configure makes a mistake.

It was created by WMmp configure 0.10.0, which was
generated by GNU Autoconf 2.58.  Invocation command line was

  $ ./configure 

## --------- ##
## Platform. ##
## --------- ##

hostname = mouser.localdomain
uname -m = i386
uname -r = 6.1.2
uname -s = NetBSD
uname -v = NetBSD 6.1.2 (GENERIC)

/usr/bin/uname -p = i386
/bin/uname -X     = unknown

/bin/arch              = unknown
/usr/bin/arch -k       = unknown
/usr/convex/getsysinfo = unknown
hostinfo               = unknown
/bin/machine           = unknown
/usr/bin/oslevel       = unknown
/bin/universe          = unknown

PATH: /home/kafka/bin
PATH: /bin
PATH: /sbin
PATH: /usr/bin
PATH: /usr/sbin
PATH: /usr/X11R7/bin
PATH: /usr/X11R6/bin
PATH: /usr/pkg/bin
PATH: /usr/pkg/sbin
PATH: /usr/games
PATH: /usr/local/bin
PATH: /usr/local/sbin


## ----------- ##
## Core tests. ##
## ----------- ##

configure:1525: checking build system type
configure:1543: result: i386-unknown-netbsdelf6.1.2
configure:1551: checking host system type
configure:1565: result: i386-unknown-netbsdelf6.1.2
configure:1573: checking target system type
configure:1587: result: i386-unknown-netbsdelf6.1.2
configure:1615: checking for a BSD-compatible install
configure:1670: result: /usr/bin/install -c
configure:1681: checking whether build environment is sane
configure:1724: result: yes
configure:1757: checking for gawk
configure:1773: found /usr/pkg/bin/gawk
configure:1783: result: gawk
configure:1793: checking whether make sets $(MAKE)
configure:1813: result: yes
configure:1986: checking for gawk
configure:2012: result: gawk
configure:2068: checking for gcc
configure:2084: found /usr/bin/gcc
configure:2094: result: gcc
configure:2338: checking for C compiler version
configure:2341: gcc --version </dev/null >&5
gcc (NetBSD nb2 20110806) 4.5.3
Copyright (C) 2010 Free Software Foundation, Inc.
This is free software; see the source for copying conditions.  There is NO
warranty; not even for MERCHANTABILITY or FITNESS FOR A PARTICULAR PURPOSE.

configure:2344: $? = 0
configure:2346: gcc -v </dev/null >&5
Using built-in specs.
COLLECT_GCC=gcc
Target: i486--netbsdelf
Configured with: /usr/src2/tools/gcc/../../external/gpl3/gcc/dist/configure --target=i486--netbsdelf --enable-long-long --enable-threads --with-bugurl=http://www.NetBSD.org/Misc/send-pr.html --with-pkgversion='NetBSD nb2 20111202' --enable-__cxa_atexit --with-arch=i486 --with-tune=nocona --with-mpc=/var/obj/mknative/i386/usr/src2/destdir.i386/usr --with-mpfr=/var/obj/mknative/i386/usr/src2/destdir.i386/usr --with-gmp=/var/obj/mknative/i386/usr/src2/destdir.i386/usr --enable-tls --disable-multilib --disable-symvers --disable-libstdcxx-pch --build=x86_64-unknown-netbsd5.99.56 --host=i486--netbsdelf
Thread model: posix
gcc version 4.5.3 (NetBSD nb2 20110806) 
configure:2349: $? = 0
configure:2351: gcc -V </dev/null >&5
gcc: '-V' option must have argument
configure:2354: $? = 1
configure:2377: checking for C compiler default output file name
configure:2380: gcc    conftest.c  >&5
configure:2383: $? = 0
configure:2429: result: a.out
configure:2434: checking whether the C compiler works
configure:2440: ./a.out
configure:2443: $? = 0
configure:2460: result: yes
configure:2467: checking whether we are cross compiling
configure:2469: result: no
configure:2472: checking for suffix of executables
configure:2474: gcc -o conftest    conftest.c  >&5
configure:2477: $? = 0
configure:2502: result: 
configure:2508: checking for suffix of object files
configure:2529: gcc -c   conftest.c >&5
configure:2532: $? = 0
configure:2554: result: o
configure:2558: checking whether we are using the GNU C compiler
configure:2582: gcc -c   conftest.c >&5
configure:2588: $? = 0
configure:2592: test -z 
			 || test ! -s conftest.err
configure:2595: $? = 0
configure:2598: test -s conftest.o
configure:2601: $? = 0
configure:2614: result: yes
configure:2620: checking whether gcc accepts -g
configure:2641: gcc -c -g  conftest.c >&5
configure:2647: $? = 0
configure:2651: test -z 
			 || test ! -s conftest.err
configure:2654: $? = 0
configure:2657: test -s conftest.o
configure:2660: $? = 0
configure:2671: result: yes
configure:2688: checking for gcc option to accept ANSI C
configure:2758: gcc  -c -g -O2  conftest.c >&5
configure:2764: $? = 0
configure:2768: test -z 
			 || test ! -s conftest.err
configure:2771: $? = 0
configure:2774: test -s conftest.o
configure:2777: $? = 0
configure:2795: result: none needed
configure:2813: gcc -c -g -O2  conftest.c >&5
conftest.c:2:9: error: expected '=', ',', ';', 'asm' or '__attribute__' before 'me'
configure:2819: $? = 1
configure: failed program was:
| #ifndef __cplusplus
|   choke me
| #endif
configure:2963: checking for style of include used by make
configure:2991: result: GNU
configure:3019: checking dependency style of gcc
configure:3102: result: gcc3
configure:3132: checking for a BSD-compatible install
configure:3187: result: /usr/bin/install -c
configure:3198: checking whether ln -s works
configure:3202: result: yes
configure:3297: checking for ld used by GCC
configure:3360: result: /usr/bin/ld
configure:3369: checking if the linker (/usr/bin/ld) is GNU ld
GNU ld (NetBSD Binutils nb1) 2.21.1
configure:3381: result: yes
configure:3386: checking for /usr/bin/ld option to reload object files
configure:3393: result: -r
configure:3398: checking for BSD-compatible nm
configure:3434: result: /usr/bin/nm -B
configure:3437: checking for a sed that does not truncate output
configure:3519: result: /usr/bin/sed
configure:3522: checking how to recognise dependent libraries
configure:3703: result: match_pattern /lib[^/\.]+\.so$
configure:3716: checking command to parse /usr/bin/nm -B output
configure:3800: gcc -c -g -O2  conftest.c >&5
configure:3803: $? = 0
configure:3807: /usr/bin/nm -B conftest.o \| sed -n -e 's/^.*[ 	]\([ABCDGISTW][ABCDGISTW]*\)[ 	][ 	]*\(\)\([_A-Za-z][_A-Za-z0-9]*\)$/\1 \2\3 \3/p' \> conftest.nm
configure:3810: $? = 0
configure:3862: gcc -o conftest -g -O2   conftest.c conftstm.o >&5
configure:3865: $? = 0
configure:3909: result: ok
configure:3918: checking how to run the C preprocessor
configure:3953: gcc -E  conftest.c
configure:3959: $? = 0
configure:3991: gcc -E  conftest.c
conftest.c:11:28: fatal error: ac_nonexistent.h: No such file or directory
compilation terminated.
configure:3997: $? = 1
configure: failed program was:
| /* confdefs.h.  */
| 
| #define PACKAGE_NAME "WMmp"
| #define PACKAGE_TARNAME "wmmp"
| #define PACKAGE_VERSION "0.10.0"
| #define PACKAGE_STRING "WMmp 0.10.0"
| #define PACKAGE_BUGREPORT "shank@mercury.chem.pitt.edu"
| #define PACKAGE "WMmp"
| #define VERSION "0.10.0"
| /* end confdefs.h.  */
| #include <ac_nonexistent.h>
configure:4036: result: gcc -E
configure:4060: gcc -E  conftest.c
configure:4066: $? = 0
configure:4098: gcc -E  conftest.c
conftest.c:11:28: fatal error: ac_nonexistent.h: No such file or directory
compilation terminated.
configure:4104: $? = 1
configure: failed program was:
| /* confdefs.h.  */
| 
| #define PACKAGE_NAME "WMmp"
| #define PACKAGE_TARNAME "wmmp"
| #define PACKAGE_VERSION "0.10.0"
| #define PACKAGE_STRING "WMmp 0.10.0"
| #define PACKAGE_BUGREPORT "shank@mercury.chem.pitt.edu"
| #define PACKAGE "WMmp"
| #define VERSION "0.10.0"
| /* end confdefs.h.  */
| #include <ac_nonexistent.h>
configure:4148: checking for egrep
configure:4158: result: grep -E
configure:4163: checking for ANSI C header files
configure:4188: gcc -c -g -O2  conftest.c >&5
configure:4194: $? = 0
configure:4198: test -z 
			 || test ! -s conftest.err
configure:4201: $? = 0
configure:4204: test -s conftest.o
configure:4207: $? = 0
configure:4296: gcc -o conftest -g -O2   conftest.c  >&5
conftest.c: In function 'main':
conftest.c:28:7: warning: incompatible implicit declaration of built-in function 'exit'
configure:4299: $? = 0
configure:4301: ./conftest
configure:4304: $? = 0
configure:4319: result: yes
configure:4343: checking for sys/types.h
configure:4359: gcc -c -g -O2  conftest.c >&5
configure:4365: $? = 0
configure:4369: test -z 
			 || test ! -s conftest.err
configure:4372: $? = 0
configure:4375: test -s conftest.o
configure:4378: $? = 0
configure:4389: result: yes
configure:4343: checking for sys/stat.h
configure:4359: gcc -c -g -O2  conftest.c >&5
configure:4365: $? = 0
configure:4369: test -z 
			 || test ! -s conftest.err
configure:4372: $? = 0
configure:4375: test -s conftest.o
configure:4378: $? = 0
configure:4389: result: yes
configure:4343: checking for stdlib.h
configure:4359: gcc -c -g -O2  conftest.c >&5
configure:4365: $? = 0
configure:4369: test -z 
			 || test ! -s conftest.err
configure:4372: $? = 0
configure:4375: test -s conftest.o
configure:4378: $? = 0
configure:4389: result: yes
configure:4343: checking for string.h
configure:4359: gcc -c -g -O2  conftest.c >&5
configure:4365: $? = 0
configure:4369: test -z 
			 || test ! -s conftest.err
configure:4372: $? = 0
configure:4375: test -s conftest.o
configure:4378: $? = 0
configure:4389: result: yes
configure:4343: checking for memory.h
configure:4359: gcc -c -g -O2  conftest.c >&5
configure:4365: $? = 0
configure:4369: test -z 
			 || test ! -s conftest.err
configure:4372: $? = 0
configure:4375: test -s conftest.o
configure:4378: $? = 0
configure:4389: result: yes
configure:4343: checking for strings.h
configure:4359: gcc -c -g -O2  conftest.c >&5
configure:4365: $? = 0
configure:4369: test -z 
			 || test ! -s conftest.err
configure:4372: $? = 0
configure:4375: test -s conftest.o
configure:4378: $? = 0
configure:4389: result: yes
configure:4343: checking for inttypes.h
configure:4359: gcc -c -g -O2  conftest.c >&5
configure:4365: $? = 0
configure:4369: test -z 
			 || test ! -s conftest.err
configure:4372: $? = 0
configure:4375: test -s conftest.o
configure:4378: $? = 0
configure:4389: result: yes
configure:4343: checking for stdint.h
configure:4359: gcc -c -g -O2  conftest.c >&5
configure:4365: $? = 0
configure:4369: test -z 
			 || test ! -s conftest.err
configure:4372: $? = 0
configure:4375: test -s conftest.o
configure:4378: $? = 0
configure:4389: result: yes
configure:4343: checking for unistd.h
configure:4359: gcc -c -g -O2  conftest.c >&5
configure:4365: $? = 0
configure:4369: test -z 
			 || test ! -s conftest.err
configure:4372: $? = 0
configure:4375: test -s conftest.o
configure:4378: $? = 0
configure:4389: result: yes
configure:4415: checking dlfcn.h usability
configure:4427: gcc -c -g -O2  conftest.c >&5
configure:4433: $? = 0
configure:4437: test -z 
			 || test ! -s conftest.err
configure:4440: $? = 0
configure:4443: test -s conftest.o
configure:4446: $? = 0
configure:4456: result: yes
configure:4460: checking dlfcn.h presence
configure:4470: gcc -E  conftest.c
configure:4476: $? = 0
configure:4496: result: yes
configure:4531: checking for dlfcn.h
configure:4538: result: yes
configure:4736: checking for ranlib
configure:4752: found /usr/bin/ranlib
configure:4763: result: ranlib
configure:4816: checking for strip
configure:4832: found /usr/bin/strip
configure:4843: result: strip
configure:5081: checking for objdir
configure:5092: result: .libs
configure:5109: checking for gcc option to produce PIC
configure:5255: result: -fPIC
configure:5259: checking if gcc PIC flag -fPIC works
configure:5282: gcc -c -g -O2 -fPIC -DPIC  conftest.c >&5
configure:5288: $? = 0
configure:5292: test -z 
			 || test ! -s conftest.err
configure:5295: $? = 0
configure:5298: test -s conftest.o
configure:5301: $? = 0
configure:5339: result: yes
configure:5355: checking if gcc static flag -static works
configure:5379: gcc -o conftest -g -O2   -static conftest.c  >&5
configure:5385: $? = 0
configure:5389: test -z 
			 || test ! -s conftest.err
configure:5392: $? = 0
configure:5395: test -s conftest
configure:5398: $? = 0
configure:5415: result: yes
configure:5427: checking if gcc supports -c -o file.o
configure:5447: gcc -c -g -O2 -o out/conftest2.o  conftest.c >&5
configure:5471: result: yes
configure:5476: checking if gcc supports -c -o file.lo
configure:5503: gcc -c -g -O2 -c -o conftest.lo  conftest.c >&5
configure:5509: $? = 0
configure:5513: test -z 
			 || test ! -s conftest.err
configure:5516: $? = 0
configure:5519: test -s conftest.lo
configure:5522: $? = 0
configure:5544: result: yes
configure:5575: checking if gcc supports -fno-rtti -fno-exceptions
configure:5597: gcc -c -g -O2 -fno-rtti -fno-exceptions -c conftest.c  conftest.c >&5
cc1: warning: command line option "-fno-rtti" is valid for C++/ObjC++ but not for C
cc1: warning: command line option "-fno-rtti" is valid for C++/ObjC++ but not for C
configure:5603: $? = 0
configure:5607: test -z 
			 || test ! -s conftest.err
configure:5610: $? = 0
configure:5613: test -s conftest.o
configure:5616: $? = 0
configure:5633: result: no
configure:5644: checking whether the linker (/usr/bin/ld) supports shared libraries
configure:6363: result: yes
configure:6368: checking how to hardcode library paths into programs
configure:6392: result: immediate
configure:6397: checking whether stripping libraries is possible
configure:6402: result: yes
configure:6413: checking dynamic linker characteristics
configure:6851: result: NetBSD ld.elf_so
configure:6856: checking if libtool supports shared libraries
configure:6858: result: yes
configure:6861: checking whether to build shared libraries
configure:6882: result: yes
configure:6885: checking whether to build static libraries
configure:6889: result: yes
configure:7639: checking whether -lc should be explicitly linked in
configure:7647: gcc -c -g -O2  conftest.c >&5
configure:7650: $? = 0
configure:7664: gcc -shared -nodefaultlibs conftest.o  -v -Wl,-soname -Wl,conftest -o conftest 2\>\&1 \| grep  -lc  \>/dev/null 2\>\&1
configure:7667: $? = 1
configure:7680: result: yes
configure:8290: checking for socket in -lsocket
configure:8320: gcc -o conftest -g -O2   conftest.c -lsocket   >&5
ld: cannot find -lsocket
/var/tmp//ccqm0IAL.o: In function `main':
/home/kafka/code/WMmp/conftest.c:33: warning: warning: reference to compatibility socket(); include <sys/socket.h> for correct reference
configure:8326: $? = 1
configure: failed program was:
| /* confdefs.h.  */
| 
| #define PACKAGE_NAME "WMmp"
| #define PACKAGE_TARNAME "wmmp"
| #define PACKAGE_VERSION "0.10.0"
| #define PACKAGE_STRING "WMmp 0.10.0"
| #define PACKAGE_BUGREPORT "shank@mercury.chem.pitt.edu"
| #define PACKAGE "WMmp"
| #define VERSION "0.10.0"
| #define STDC_HEADERS 1
| #define HAVE_SYS_TYPES_H 1
| #define HAVE_SYS_STAT_H 1
| #define HAVE_STDLIB_H 1
| #define HAVE_STRING_H 1
| #define HAVE_MEMORY_H 1
| #define HAVE_STRINGS_H 1
| #define HAVE_INTTYPES_H 1
| #define HAVE_STDINT_H 1
| #define HAVE_UNISTD_H 1
| #define HAVE_DLFCN_H 1
| /* end confdefs.h.  */
| 
| /* Override any gcc2 internal prototype to avoid an error.  */
| #ifdef __cplusplus
| extern "C"
| #endif
| /* We use char because int might match the return type of a gcc2
|    builtin and then its argument prototype would still apply.  */
| char socket ();
| int
| main ()
| {
| socket ();
|   ;
|   return 0;
| }
configure:8352: result: no
configure:8358: checking for gethostbyname in -lnsl
configure:8388: gcc -o conftest -g -O2   conftest.c -lnsl   >&5
ld: cannot find -lnsl
configure:8394: $? = 1
configure: failed program was:
| /* confdefs.h.  */
| 
| #define PACKAGE_NAME "WMmp"
| #define PACKAGE_TARNAME "wmmp"
| #define PACKAGE_VERSION "0.10.0"
| #define PACKAGE_STRING "WMmp 0.10.0"
| #define PACKAGE_BUGREPORT "shank@mercury.chem.pitt.edu"
| #define PACKAGE "WMmp"
| #define VERSION "0.10.0"
| #define STDC_HEADERS 1
| #define HAVE_SYS_TYPES_H 1
| #define HAVE_SYS_STAT_H 1
| #define HAVE_STDLIB_H 1
| #define HAVE_STRING_H 1
| #define HAVE_MEMORY_H 1
| #define HAVE_STRINGS_H 1
| #define HAVE_INTTYPES_H 1
| #define HAVE_STDINT_H 1
| #define HAVE_UNISTD_H 1
| #define HAVE_DLFCN_H 1
| /* end confdefs.h.  */
| 
| /* Override any gcc2 internal prototype to avoid an error.  */
| #ifdef __cplusplus
| extern "C"
| #endif
| /* We use char because int might match the return type of a gcc2
|    builtin and then its argument prototype would still apply.  */
| char gethostbyname ();
| int
| main ()
| {
| gethostbyname ();
|   ;
|   return 0;
| }
configure:8420: result: no
configure:8428: checking for X
configure:8658: result: libraries /usr/X11R7/lib, headers /usr/X11R7/include
configure:8830: gcc -o conftest -g -O2   conftest.c   -L/usr/X11R7/lib -lX11 >&5
configure:8836: $? = 0
configure:8840: test -z 
			 || test ! -s conftest.err
configure:8843: $? = 0
configure:8846: test -s conftest
configure:8849: $? = 0
configure:9007: checking for gethostbyname
configure:9064: gcc -o conftest -g -O2   conftest.c  >&5
configure:9070: $? = 0
configure:9074: test -z 
			 || test ! -s conftest.err
configure:9077: $? = 0
configure:9080: test -s conftest
configure:9083: $? = 0
configure:9095: result: yes
configure:9246: checking for connect
configure:9303: gcc -o conftest -g -O2   conftest.c  >&5
configure:9309: $? = 0
configure:9313: test -z 
			 || test ! -s conftest.err
configure:9316: $? = 0
configure:9319: test -s conftest
configure:9322: $? = 0
configure:9334: result: yes
configure:9409: checking for remove
configure:9466: gcc -o conftest -g -O2   conftest.c  >&5
configure:9472: $? = 0
configure:9476: test -z 
			 || test ! -s conftest.err
configure:9479: $? = 0
configure:9482: test -s conftest
configure:9485: $? = 0
configure:9497: result: yes
configure:9572: checking for shmat
configure:9629: gcc -o conftest -g -O2   conftest.c  >&5
configure:9635: $? = 0
configure:9639: test -z 
			 || test ! -s conftest.err
configure:9642: $? = 0
configure:9645: test -s conftest
configure:9648: $? = 0
configure:9660: result: yes
configure:9744: checking for IceConnectionNumber in -lICE
configure:9774: gcc -o conftest -g -O2   -L/usr/X11R7/lib conftest.c -lICE   >&5
configure:9780: $? = 0
configure:9784: test -z 
			 || test ! -s conftest.err
configure:9787: $? = 0
configure:9790: test -s conftest
configure:9793: $? = 0
configure:9806: result: yes
configure:9830: checking for XShapeCombineMask in -lXext
configure:9860: gcc -o conftest -g -O2   conftest.c -lXext  -L/usr/X11R7/lib  -lX11  >&5
configure:9866: $? = 0
configure:9870: test -z 
			 || test ! -s conftest.err
configure:9873: $? = 0
configure:9876: test -s conftest
configure:9879: $? = 0
configure:9892: result: yes
configure:9902: checking for XpmCreatePixmapFromData in -lXpm
configure:9932: gcc -o conftest -g -O2   conftest.c -lXpm  -L/usr/X11R7/lib  -lX11  >&5
configure:9938: $? = 0
configure:9942: test -z 
			 || test ! -s conftest.err
configure:9945: $? = 0
configure:9948: test -s conftest
configure:9951: $? = 0
configure:9964: result: yes
configure:10068: checking for ANSI C header files
configure:10224: result: yes
configure:10256: checking fcntl.h usability
configure:10268: gcc -c -g -O2  conftest.c >&5
configure:10274: $? = 0
configure:10278: test -z 
			 || test ! -s conftest.err
configure:10281: $? = 0
configure:10284: test -s conftest.o
configure:10287: $? = 0
configure:10297: result: yes
configure:10301: checking fcntl.h presence
configure:10311: gcc -E  conftest.c
configure:10317: $? = 0
configure:10337: result: yes
configure:10372: checking for fcntl.h
configure:10379: result: yes
configure:10247: checking for memory.h
configure:10252: result: yes
configure:10256: checking stddef.h usability
configure:10268: gcc -c -g -O2  conftest.c >&5
configure:10274: $? = 0
configure:10278: test -z 
			 || test ! -s conftest.err
configure:10281: $? = 0
configure:10284: test -s conftest.o
configure:10287: $? = 0
configure:10297: result: yes
configure:10301: checking stddef.h presence
configure:10311: gcc -E  conftest.c
configure:10317: $? = 0
configure:10337: result: yes
configure:10372: checking for stddef.h
configure:10379: result: yes
configure:10247: checking for stdlib.h
configure:10252: result: yes
configure:10247: checking for string.h
configure:10252: result: yes
configure:10247: checking for strings.h
configure:10252: result: yes
configure:10256: checking sys/param.h usability
configure:10268: gcc -c -g -O2  conftest.c >&5
configure:10274: $? = 0
configure:10278: test -z 
			 || test ! -s conftest.err
configure:10281: $? = 0
configure:10284: test -s conftest.o
configure:10287: $? = 0
configure:10297: result: yes
configure:10301: checking sys/param.h presence
configure:10311: gcc -E  conftest.c
configure:10317: $? = 0
configure:10337: result: yes
configure:10372: checking for sys/param.h
configure:10379: result: yes
configure:10256: checking sys/time.h usability
configure:10268: gcc -c -g -O2  conftest.c >&5
configure:10274: $? = 0
configure:10278: test -z 
			 || test ! -s conftest.err
configure:10281: $? = 0
configure:10284: test -s conftest.o
configure:10287: $? = 0
configure:10297: result: yes
configure:10301: checking sys/time.h presence
configure:10311: gcc -E  conftest.c
configure:10317: $? = 0
configure:10337: result: yes
configure:10372: checking for sys/time.h
configure:10379: result: yes
configure:10247: checking for unistd.h
configure:10252: result: yes
configure:10393: checking for an ANSI C-conforming const
configure:10460: gcc -c -g -O2  conftest.c >&5
configure:10466: $? = 0
configure:10470: test -z 
			 || test ! -s conftest.err
configure:10473: $? = 0
configure:10476: test -s conftest.o
configure:10479: $? = 0
configure:10490: result: yes
configure:10500: checking for size_t
configure:10524: gcc -c -g -O2  conftest.c >&5
configure:10530: $? = 0
configure:10534: test -z 
			 || test ! -s conftest.err
configure:10537: $? = 0
configure:10540: test -s conftest.o
configure:10543: $? = 0
configure:10554: result: yes
configure:10566: checking whether time.h and sys/time.h may both be included
configure:10591: gcc -c -g -O2  conftest.c >&5
configure:10597: $? = 0
configure:10601: test -z 
			 || test ! -s conftest.err
configure:10604: $? = 0
configure:10607: test -s conftest.o
configure:10610: $? = 0
configure:10621: result: yes
configure:10637: checking for stdlib.h
configure:10642: result: yes
configure:10782: checking for GNU libc compatible malloc
configure:10811: gcc -o conftest -g -O2   conftest.c  >&5
configure:10814: $? = 0
configure:10816: ./conftest
configure:10819: $? = 0
configure:10833: result: yes
configure:10869: checking for select
configure:10926: gcc -o conftest -g -O2   conftest.c  >&5
/var/tmp//cceoxSf4.o: In function `main':
/home/kafka/code/WMmp/conftest.c:75: warning: warning: reference to compatibility select(); include <sys/select.h> to generate correct reference
configure:10932: $? = 0
configure:10936: test -z 
			 || test ! -s conftest.err
configure:10939: $? = 0
configure:10942: test -s conftest
configure:10945: $? = 0
configure:10957: result: yes
configure:10869: checking for strtoul
configure:10926: gcc -o conftest -g -O2   conftest.c  >&5
configure:10932: $? = 0
configure:10936: test -z 
			 || test ! -s conftest.err
configure:10939: $? = 0
configure:10942: test -s conftest
configure:10945: $? = 0
configure:10957: result: yes
configure:10869: checking for uname
configure:10926: gcc -o conftest -g -O2   conftest.c  >&5
configure:10932: $? = 0
configure:10936: test -z 
			 || test ! -s conftest.err
configure:10939: $? = 0
configure:10942: test -s conftest
configure:10945: $? = 0
configure:10957: result: yes
configure:11079: creating ./config.status

## ---------------------- ##
## Running config.status. ##
## ---------------------- ##

This file was extended by WMmp config.status 0.10.0, which was
generated by GNU Autoconf 2.58.  Invocation command line was

  CONFIG_FILES    = 
  CONFIG_HEADERS  = 
  CONFIG_LINKS    = 
  CONFIG_COMMANDS = 
  $ ./config.status 

on mouser.localdomain

config.status:715: creating Makefile
config.status:715: creating src/Makefile
config.status:715: creating doc/Makefile
config.status:819: creating config.h
config.status:959: config.h is unchanged
config.status:1136: executing depfiles commands

## ---------------- ##
## Cache variables. ##
## ---------------- ##

ac_cv_build=i386-unknown-netbsdelf6.1.2
ac_cv_build_alias=i386-unknown-netbsdelf6.1.2
ac_cv_c_compiler_gnu=yes
ac_cv_c_const=yes
ac_cv_env_CC_set=
ac_cv_env_CC_value=
ac_cv_env_CFLAGS_set=
ac_cv_env_CFLAGS_value=
ac_cv_env_CPPFLAGS_set=
ac_cv_env_CPPFLAGS_value=
ac_cv_env_CPP_set=
ac_cv_env_CPP_value=
ac_cv_env_LDFLAGS_set=
ac_cv_env_LDFLAGS_value=
ac_cv_env_build_alias_set=
ac_cv_env_build_alias_value=
ac_cv_env_host_alias_set=
ac_cv_env_host_alias_value=
ac_cv_env_target_alias_set=
ac_cv_env_target_alias_value=
ac_cv_exeext=
ac_cv_func_connect=yes
ac_cv_func_gethostbyname=yes
ac_cv_func_malloc_0_nonnull=yes
ac_cv_func_remove=yes
ac_cv_func_select=yes
ac_cv_func_shmat=yes
ac_cv_func_strtoul=yes
ac_cv_func_uname=yes
ac_cv_have_x='have_x=yes 		ac_x_includes=/usr/X11R7/include ac_x_libraries=/usr/X11R7/lib'
ac_cv_header_dlfcn_h=yes
ac_cv_header_fcntl_h=yes
ac_cv_header_inttypes_h=yes
ac_cv_header_memory_h=yes
ac_cv_header_stdc=yes
ac_cv_header_stddef_h=yes
ac_cv_header_stdint_h=yes
ac_cv_header_stdlib_h=yes
ac_cv_header_string_h=yes
ac_cv_header_strings_h=yes
ac_cv_header_sys_param_h=yes
ac_cv_header_sys_stat_h=yes
ac_cv_header_sys_time_h=yes
ac_cv_header_sys_types_h=yes
ac_cv_header_time=yes
ac_cv_header_unistd_h=yes
ac_cv_host=i386-unknown-netbsdelf6.1.2
ac_cv_host_alias=i386-unknown-netbsdelf6.1.2
ac_cv_lib_ICE_IceConnectionNumber=yes
ac_cv_lib_Xext_XShapeCombineMask=yes
ac_cv_lib_Xpm_XpmCreatePixmapFromData=yes
ac_cv_lib_nsl_gethostbyname=no
ac_cv_lib_socket_socket=no
ac_cv_objext=o
ac_cv_path_install='/usr/bin/install -c'
ac_cv_prog_AWK=gawk
ac_cv_prog_CPP='gcc -E'
ac_cv_prog_ac_ct_CC=gcc
ac_cv_prog_ac_ct_RANLIB=ranlib
ac_cv_prog_ac_ct_STRIP=strip
ac_cv_prog_cc_g=yes
ac_cv_prog_cc_stdc=
ac_cv_prog_egrep='grep -E'
ac_cv_prog_make_make_set=yes
ac_cv_target=i386-unknown-netbsdelf6.1.2
ac_cv_target_alias=i386-unknown-netbsdelf6.1.2
ac_cv_type_size_t=yes
am_cv_CC_dependencies_compiler_type=gcc3
lt_cv_archive_cmds_need_lc=yes
lt_cv_compiler_c_o=yes
lt_cv_compiler_o_lo=yes
lt_cv_deplibs_check_method='match_pattern /lib[^/\.]+\.so$'
lt_cv_file_magic_cmd='$MAGIC_CMD'
lt_cv_file_magic_test_file=
lt_cv_global_symbol_to_c_name_address='sed -n -e '\''s/^: \([^ ]*\) $/  {\"\1\", (lt_ptr) 0},/p'\'' -e '\''s/^[BCDEGRST] \([^ ]*\) \([^ ]*\)$/  {"\2", (lt_ptr) \&\2},/p'\'''
lt_cv_global_symbol_to_cdecl='sed -n -e '\''s/^. .* \(.*\)$/extern char \1;/p'\'''
lt_cv_ld_reload_flag=-r
lt_cv_path_LD=/usr/bin/ld
lt_cv_path_NM='/usr/bin/nm -B'
lt_cv_path_SED=/usr/bin/sed
lt_cv_prog_cc_can_build_shared=yes
lt_cv_prog_cc_no_builtin=
lt_cv_prog_cc_pic=' -fPIC'
lt_cv_prog_cc_pic_works=yes
lt_cv_prog_cc_shlib=
lt_cv_prog_cc_static=-static
lt_cv_prog_cc_static_works=yes
lt_cv_prog_cc_wl=-Wl,
lt_cv_prog_gnu_ld=yes
lt_cv_sys_global_symbol_pipe='sed -n -e '\''s/^.*[ 	]\([ABCDGISTW][ABCDGISTW]*\)[ 	][ 	]*\(\)\([_A-Za-z][_A-Za-z0-9]*\)$/\1 \2\3 \3/p'\'''

## ----------------- ##
## Output variables. ##
## ----------------- ##

ACLOCAL='${SHELL} /home/kafka/code/WMmp/missing --run aclocal-1.7'
AMDEPBACKSLASH='\'
AMDEP_FALSE='#'
AMDEP_TRUE=''
AMTAR='${SHELL} /home/kafka/code/WMmp/missing --run tar'
AUTOCONF='${SHELL} /home/kafka/code/WMmp/missing --run autoconf'
AUTOHEADER='${SHELL} /home/kafka/code/WMmp/missing --run autoheader'
AUTOMAKE='${SHELL} /home/kafka/code/WMmp/missing --run automake-1.7'
AWK='gawk'
CC='gcc'
CCDEPMODE='depmode=gcc3'
CFLAGS='-g -O2'
CPP='gcc -E'
CPPFLAGS=''
CYGPATH_W='echo'
DEFS='-DHAVE_CONFIG_H'
DEPDIR='.deps'
DFLAGS=' -DDEFAULT_HOST=\"localhost\" -DDEFAULT_PORT=\"2100\"'
ECHO='echo'
ECHO_C=''
ECHO_N='-n'
ECHO_T=''
EGREP='grep -E'
EXEEXT=''
HEADER_SEARCH_PATH='  -I/usr/X11R7/include'
INSTALL_DATA='${INSTALL} -m 644'
INSTALL_PROGRAM='${INSTALL}'
INSTALL_SCRIPT='${INSTALL}'
INSTALL_STRIP_PROGRAM='${SHELL} $(install_sh) -c -s'
LDFLAGS=''
LIBOBJS=''
LIBRARY_SEARCH_PATH='  -L/usr/X11R7/lib'
LIBS=''
LIBTOOL='$(SHELL) $(top_builddir)/libtool'
LN_S='ln -s'
LTLIBOBJS=''
MAKEINFO='${SHELL} /home/kafka/code/WMmp/missing --run makeinfo'
OBJEXT='o'
OS='freebsd'
PACKAGE='WMmp'
PACKAGE_BUGREPORT='shank@mercury.chem.pitt.edu'
PACKAGE_NAME='WMmp'
PACKAGE_STRING='WMmp 0.10.0'
PACKAGE_TARNAME='wmmp'
PACKAGE_VERSION='0.10.0'
PATH_SEPARATOR=':'
RANLIB='ranlib'
SETGID_FLAGS=''
SET_MAKE=''
SHELL='/usr/pkg/bin/bash'
STRIP='strip'
VERSION='0.10.0'
XCFLAGS=' -I/usr/X11R7/include'
XLFLAGS=' -L/usr/X11R7/lib'
XLIBS='-lX11  -lXext -lXpm'
X_CFLAGS=' -I/usr/X11R7/include'
X_EXTRA_LIBS=''
X_LIBRARY_PATH='/usr/X11R7/lib'
X_LIBS=' -L/usr/X11R7/lib'
X_PRE_LIBS=' -lSM -lICE'
ac_ct_CC='gcc'
ac_ct_RANLIB='ranlib'
ac_ct_STRIP='strip'
am__fastdepCC_FALSE='#'
am__fastdepCC_TRUE=''
am__include='include'
am__leading_dot='.'
am__quote=''
bindir='${exec_prefix}/bin'
build='i386-unknown-netbsdelf6.1.2'
build_alias=''
build_cpu='i386'
build_os='netbsdelf6.1.2'
build_vendor='unknown'
datadir='${prefix}/share'
exec_prefix='${prefix}'
host='i386-unknown-netbsdelf6.1.2'
host_alias=''
host_cpu='i386'
host_os='netbsdelf6.1.2'
host_vendor='unknown'
includedir='${prefix}/include'
infodir='${prefix}/info'
install_sh='/home/kafka/code/WMmp/install-sh'
libdir='${exec_prefix}/lib'
libexecdir='${exec_prefix}/libexec'
localstatedir='${prefix}/var'
mandir='${prefix}/man'
oldincludedir='/usr/include'
prefix='/usr/local'
program_transform_name='s,x,x,'
sbindir='${exec_prefix}/sbin'
sharedstatedir='${prefix}/com'
sysconfdir='${prefix}/etc'
target='i386-unknown-netbsdelf6.1.2'
target_alias=''
target_cpu='i386'
target_os='netbsdelf6.1.2'
target_vendor='unknown'

## ----------- ##
## confdefs.h. ##
## ----------- ##

#define HAVE_DLFCN_H 1
#define HAVE_FCNTL_H 1
#define HAVE_INTTYPES_H 1
#define HAVE_MALLOC 1
#define HAVE_MEMORY_H 1
#define HAVE_MEMORY_H 1
#define HAVE_SELECT 1
#define HAVE_STDDEF_H 1
#define HAVE_STDINT_H 1
#define HAVE_STDLIB_H 1
#define HAVE_STDLIB_H 1
#define HAVE_STDLIB_H 1
#define HAVE_STRINGS_H 1
#define HAVE_STRINGS_H 1
#define HAVE_STRING_H 1
#define HAVE_STRING_H 1
#define HAVE_STRTOUL 1
#define HAVE_SYS_PARAM_H 1
#define HAVE_SYS_STAT_H 1
#define HAVE_SYS_TIME_H 1
#define HAVE_SYS_TYPES_H 1
#define HAVE_UNAME 1
#define HAVE_UNISTD_H 1
#define HAVE_UNISTD_H 1
#define PACKAGE "WMmp"
#define PACKAGE_BUGREPORT "shank@mercury.chem.pitt.edu"
#define PACKAGE_NAME "WMmp"
#define PACKAGE_STRING "WMmp 0.10.0"
#define PACKAGE_TARNAME "wmmp"
#define PACKAGE_VERSION "0.10.0"
#define STDC_HEADERS 1
#define STDC_HEADERS 1
#define TIME_WITH_SYS_TIME 1
#define VERSION "0.10.0"

configure: exit 0
